<?xml version="1.0" encoding="UTF-8"?>
<!-- Generated by org.testng.reporters.JUnitReportReporter -->
<testsuite hostname="DESKTOP-T2OLP70" failures="0" tests="9" name="runners.testRunner" time="25.140" errors="0" timestamp="2019-12-16T22:00:17 EST" skipped="0">
  <testcase classname="runners.testRunner" name="verifyAppLaunchTest" time="0.071"/>
  <testcase classname="runners.testRunner" name="displayRandomComicTest" time="0.733"/>
  <testcase classname="runners.testRunner" name="displayNextComicTest" time="0.712"/>
  <testcase classname="runners.testRunner" name="displayComicHistoryTest" time="0.624"/>
  <testcase classname="runners.testRunner" name="displayLatestComicTest" time="1.397"/>
  <testcase classname="runners.testRunner" name="displayComicFromSpecificDatesTest" time="4.155"/>
  <testcase classname="runners.testRunner" name="displayComicFromSpecificDatesTest" time="2.833"/>
  <testcase classname="runners.testRunner" name="displayComicFromSpecificDatesTest" time="3.597"/>
  <testcase classname="runners.testRunner" name="addToCartandCheckoutTest" time="11.018"/>
</testsuite> <!-- runners.testRunner -->
