<?xml version="1.0" encoding="UTF-8"?>
<!-- Generated by org.testng.reporters.JUnitReportReporter -->
<testsuite hostname="DESKTOP-T2OLP70" failures="0" tests="4" name="runners.testRunner" time="19.557" errors="0" timestamp="2019-12-15T23:59:53 EST" skipped="0">
  <testcase classname="runners.testRunner" name="verifyAppLaunchTest" time="0.087"/>
  <testcase classname="runners.testRunner" name="displayComicFromSpecificDatesTest" time="6.407"/>
  <testcase classname="runners.testRunner" name="displayComicFromSpecificDatesTest" time="5.794"/>
  <testcase classname="runners.testRunner" name="displayComicFromSpecificDatesTest" time="7.269"/>
</testsuite> <!-- runners.testRunner -->
